<?xml version="1.0" encoding="UTF-8"?>
<testng-results ignored="0" total="2" passed="2" failed="0" skipped="0">
  <reporter-output>
  </reporter-output>
  <suite started-at="2024-05-01T01:31:17 IST" name="Suite" finished-at="2024-05-01T01:32:46 IST" duration-ms="88754">
    <groups>
    </groups>
    <test started-at="2024-05-01T01:31:17 IST" name="Test" finished-at="2024-05-01T01:32:46 IST" duration-ms="88754">
      <class name="testCase.shipRequiest01">
        <test-method is-config="true" signature="setUp(java.lang.String)[pri:0, instance:testCase.shipRequiest01@2b40ff9c]" started-at="2024-05-01T01:31:17 IST" name="setUp" finished-at="2024-05-01T01:31:48 IST" duration-ms="31225" status="PASS">
          <params>
            <param index="0">
              <value>
                <![CDATA[edge]]>
              </value>
            </param>
          </params>
          <reporter-output>
          </reporter-output>
        </test-method> <!-- setUp -->
        <test-method signature="TestAPIrecivePackage()[pri:1, instance:testCase.shipRequiest01@2b40ff9c]" started-at="2024-05-01T01:31:49 IST" name="TestAPIrecivePackage" finished-at="2024-05-01T01:31:55 IST" duration-ms="6404" status="PASS">
          <reporter-output>
          </reporter-output>
        </test-method> <!-- TestAPIrecivePackage -->
        <test-method signature="testLogIn()[pri:2, instance:testCase.shipRequiest01@2b40ff9c]" started-at="2024-05-01T01:31:55 IST" name="testLogIn" finished-at="2024-05-01T01:32:46 IST" duration-ms="51049" status="PASS">
          <reporter-output>
          </reporter-output>
        </test-method> <!-- testLogIn -->
        <test-method is-config="true" signature="tearDown()[pri:0, instance:testCase.shipRequiest01@2b40ff9c]" started-at="2024-05-01T01:32:46 IST" name="tearDown" finished-at="2024-05-01T01:32:46 IST" duration-ms="1" status="PASS">
          <reporter-output>
          </reporter-output>
        </test-method> <!-- tearDown -->
      </class> <!-- testCase.shipRequiest01 -->
    </test> <!-- Test -->
  </suite> <!-- Suite -->
</testng-results>
